This file contains any messages produced by compilers while
running configure, to aid debugging if configure makes a mistake.

It was created by GET_NEXT_LINE configure 1.0, which was
generated by GNU Autoconf 2.69.  Invocation command line was

  $ ./configure 

## --------- ##
## Platform. ##
## --------- ##

hostname = rishat-GL63-8RD
uname -m = x86_64
uname -r = 5.4.0-58-generic
uname -s = Linux
uname -v = #64-Ubuntu SMP Wed Dec 9 08:16:25 UTC 2020

/usr/bin/uname -p = x86_64
/bin/uname -X     = unknown

/bin/arch              = x86_64
/usr/bin/arch -k       = unknown
/usr/convex/getsysinfo = unknown
/usr/bin/hostinfo      = unknown
/bin/machine           = unknown
/usr/bin/oslevel       = unknown
/bin/universe          = unknown

PATH: /usr/local/sbin
PATH: /usr/local/bin
PATH: /usr/sbin
PATH: /usr/bin
PATH: /sbin
PATH: /bin
PATH: /usr/games
PATH: /usr/local/games
PATH: /snap/bin


## ----------- ##
## Core tests. ##
## ----------- ##

configure:2312: checking for gcc
configure:2328: found /usr/bin/gcc
configure:2339: result: gcc
configure:2568: checking for C compiler version
configure:2577: gcc --version >&5
gcc (Ubuntu 9.3.0-17ubuntu1~20.04) 9.3.0
Copyright (C) 2019 Free Software Foundation, Inc.
This is free software; see the source for copying conditions.  There is NO
warranty; not even for MERCHANTABILITY or FITNESS FOR A PARTICULAR PURPOSE.

configure:2588: $? = 0
configure:2577: gcc -v >&5
Using built-in specs.
COLLECT_GCC=gcc
COLLECT_LTO_WRAPPER=/usr/lib/gcc/x86_64-linux-gnu/9/lto-wrapper
OFFLOAD_TARGET_NAMES=nvptx-none:hsa
OFFLOAD_TARGET_DEFAULT=1
Target: x86_64-linux-gnu
Configured with: ../src/configure -v --with-pkgversion='Ubuntu 9.3.0-17ubuntu1~20.04' --with-bugurl=file:///usr/share/doc/gcc-9/README.Bugs --enable-languages=c,ada,c++,go,brig,d,fortran,objc,obj-c++,gm2 --prefix=/usr --with-gcc-major-version-only --program-suffix=-9 --program-prefix=x86_64-linux-gnu- --enable-shared --enable-linker-build-id --libexecdir=/usr/lib --without-included-gettext --enable-threads=posix --libdir=/usr/lib --enable-nls --enable-clocale=gnu --enable-libstdcxx-debug --enable-libstdcxx-time=yes --with-default-libstdcxx-abi=new --enable-gnu-unique-object --disable-vtable-verify --enable-plugin --enable-default-pie --with-system-zlib --with-target-system-zlib=auto --enable-objc-gc=auto --enable-multiarch --disable-werror --with-arch-32=i686 --with-abi=m64 --with-multilib-list=m32,m64,mx32 --enable-multilib --with-tune=generic --enable-offload-targets=nvptx-none=/build/gcc-9-HskZEa/gcc-9-9.3.0/debian/tmp-nvptx/usr,hsa --without-cuda-driver --enable-checking=release --build=x86_64-linux-gnu --host=x86_64-linux-gnu --target=x86_64-linux-gnu
Thread model: posix
gcc version 9.3.0 (Ubuntu 9.3.0-17ubuntu1~20.04) 
configure:2588: $? = 0
configure:2577: gcc -V >&5
gcc: error: unrecognized command line option '-V'
gcc: fatal error: no input files
compilation terminated.
configure:2588: $? = 1
configure:2577: gcc -qversion >&5
gcc: error: unrecognized command line option '-qversion'; did you mean '--version'?
gcc: fatal error: no input files
compilation terminated.
configure:2588: $? = 1
configure:2608: checking whether the C compiler works
configure:2630: gcc    conftest.c  >&5
configure:2634: $? = 0
configure:2682: result: yes
configure:2685: checking for C compiler default output file name
configure:2687: result: a.out
configure:2693: checking for suffix of executables
configure:2700: gcc -o conftest    conftest.c  >&5
configure:2704: $? = 0
configure:2726: result: 
configure:2748: checking whether we are cross compiling
configure:2756: gcc -o conftest    conftest.c  >&5
configure:2760: $? = 0
configure:2767: ./conftest
configure:2771: $? = 0
configure:2759: result: no
configure:2764: checking for suffix of object files
configure:2786: gcc -c   conftest.c >&5
configure:2790: $? = 0
configure:2811: result: o
configure:2815: checking whether we are using the GNU C compiler
configure:2834: gcc -c   conftest.c >&5
configure:2834: $? = 0
configure:2843: result: yes
configure:2852: checking whether gcc accepts -g
configure:2872: gcc -c -g  conftest.c >&5
configure:2872: $? = 0
configure:2913: result: yes
configure:2930: checking for gcc option to accept ISO C89
configure:2993: gcc  -c -g -O2  conftest.c >&5
configure:2993: $? = 0
configure:3006: result: none needed
configure:3031: checking whether gcc understands -c and -o together
configure:3053: gcc -c conftest.c -o conftest2.o
configure:3056: $? = 0
configure:3053: gcc -c conftest.c -o conftest2.o
configure:3056: $? = 0
configure:3068: result: yes
configure:3135: checking for ar
configure:3151: found /usr/bin/ar
configure:3162: result: ar
configure:3188: checking the archiver (ar) interface
configure:3204: gcc -c -g -O2  conftest.c >&5
configure:3204: $? = 0
configure:3206: ar cru libconftest.a conftest.o >&5
ar: `u' modifier ignored since `D' is the default (see `U')
configure:3209: $? = 0
configure:3208: result: ar
configure:3253: checking for a BSD-compatible install
configure:3321: result: /usr/bin/install -c
configure:3332: checking whether build environment is sane
configure:3387: result: yes
configure:3533: checking for a thread-safe mkdir -p
configure:3572: result: /usr/bin/mkdir -p
configure:3579: checking for gawk
configure:3609: result: no
configure:3579: checking for mawk
configure:3595: found /usr/bin/mawk
configure:3606: result: mawk
configure:3617: checking whether make sets $(MAKE)
configure:3639: result: yes
configure:3661: checking whether make supports the include directive
configure:3676: make -f confmf.GNU && cat confinc.out
this is the am__doit target
configure:3679: $? = 0
configure:3698: result: yes (GNU style)
configure:3731: checking whether make supports nested variables
configure:3748: result: yes
configure:3833: checking dependency style of gcc
configure:3944: result: gcc3
configure:4052: checking for gcc
configure:4079: result: gcc
configure:4308: checking for C compiler version
configure:4317: gcc --version >&5
gcc (Ubuntu 9.3.0-17ubuntu1~20.04) 9.3.0
Copyright (C) 2019 Free Software Foundation, Inc.
This is free software; see the source for copying conditions.  There is NO
warranty; not even for MERCHANTABILITY or FITNESS FOR A PARTICULAR PURPOSE.

configure:4328: $? = 0
configure:4317: gcc -v >&5
Using built-in specs.
COLLECT_GCC=gcc
COLLECT_LTO_WRAPPER=/usr/lib/gcc/x86_64-linux-gnu/9/lto-wrapper
OFFLOAD_TARGET_NAMES=nvptx-none:hsa
OFFLOAD_TARGET_DEFAULT=1
Target: x86_64-linux-gnu
Configured with: ../src/configure -v --with-pkgversion='Ubuntu 9.3.0-17ubuntu1~20.04' --with-bugurl=file:///usr/share/doc/gcc-9/README.Bugs --enable-languages=c,ada,c++,go,brig,d,fortran,objc,obj-c++,gm2 --prefix=/usr --with-gcc-major-version-only --program-suffix=-9 --program-prefix=x86_64-linux-gnu- --enable-shared --enable-linker-build-id --libexecdir=/usr/lib --without-included-gettext --enable-threads=posix --libdir=/usr/lib --enable-nls --enable-clocale=gnu --enable-libstdcxx-debug --enable-libstdcxx-time=yes --with-default-libstdcxx-abi=new --enable-gnu-unique-object --disable-vtable-verify --enable-plugin --enable-default-pie --with-system-zlib --with-target-system-zlib=auto --enable-objc-gc=auto --enable-multiarch --disable-werror --with-arch-32=i686 --with-abi=m64 --with-multilib-list=m32,m64,mx32 --enable-multilib --with-tune=generic --enable-offload-targets=nvptx-none=/build/gcc-9-HskZEa/gcc-9-9.3.0/debian/tmp-nvptx/usr,hsa --without-cuda-driver --enable-checking=release --build=x86_64-linux-gnu --host=x86_64-linux-gnu --target=x86_64-linux-gnu
Thread model: posix
gcc version 9.3.0 (Ubuntu 9.3.0-17ubuntu1~20.04) 
configure:4328: $? = 0
configure:4317: gcc -V >&5
gcc: error: unrecognized command line option '-V'
gcc: fatal error: no input files
compilation terminated.
configure:4328: $? = 1
configure:4317: gcc -qversion >&5
gcc: error: unrecognized command line option '-qversion'; did you mean '--version'?
gcc: fatal error: no input files
compilation terminated.
configure:4328: $? = 1
configure:4332: checking whether we are using the GNU C compiler
configure:4360: result: yes
configure:4369: checking whether gcc accepts -g
configure:4430: result: yes
configure:4447: checking for gcc option to accept ISO C89
configure:4523: result: none needed
configure:4548: checking whether gcc understands -c and -o together
configure:4585: result: yes
configure:4631: checking build system type
configure:4645: result: x86_64-pc-linux-gnu
configure:4665: checking host system type
configure:4678: result: x86_64-pc-linux-gnu
configure:4719: checking how to print strings
configure:4746: result: printf
configure:4767: checking for a sed that does not truncate output
configure:4831: result: /usr/bin/sed
configure:4849: checking for grep that handles long lines and -e
configure:4907: result: /usr/bin/grep
configure:4912: checking for egrep
configure:4974: result: /usr/bin/grep -E
configure:4979: checking for fgrep
configure:5041: result: /usr/bin/grep -F
configure:5076: checking for ld used by gcc
configure:5143: result: /usr/bin/ld
configure:5150: checking if the linker (/usr/bin/ld) is GNU ld
configure:5165: result: yes
configure:5177: checking for BSD- or MS-compatible name lister (nm)
configure:5231: result: /usr/bin/nm -B
configure:5361: checking the name lister (/usr/bin/nm -B) interface
configure:5368: gcc -c -g -O2  conftest.c >&5
configure:5371: /usr/bin/nm -B "conftest.o"
configure:5374: output
0000000000000000 B some_variable
configure:5375: result: BSD nm
configure:5378: checking whether ln -s works
configure:5382: result: yes
configure:5390: checking the maximum length of command line arguments
configure:5521: result: 1572864
configure:5569: checking how to convert x86_64-pc-linux-gnu file names to x86_64-pc-linux-gnu format
configure:5609: result: func_convert_file_noop
configure:5616: checking how to convert x86_64-pc-linux-gnu file names to toolchain format
configure:5636: result: func_convert_file_noop
configure:5643: checking for /usr/bin/ld option to reload object files
configure:5650: result: -r
configure:5724: checking for objdump
configure:5740: found /usr/bin/objdump
configure:5751: result: objdump
configure:5783: checking how to recognize dependent libraries
configure:5983: result: pass_all
configure:6068: checking for dlltool
configure:6098: result: no
configure:6128: checking how to associate runtime and link libraries
configure:6155: result: printf %s\n
configure:6279: checking for archiver @FILE support
configure:6296: gcc -c -g -O2  conftest.c >&5
configure:6296: $? = 0
configure:6299: ar cru libconftest.a @conftest.lst >&5
ar: `u' modifier ignored since `D' is the default (see `U')
configure:6302: $? = 0
configure:6307: ar cru libconftest.a @conftest.lst >&5
ar: `u' modifier ignored since `D' is the default (see `U')
ar: conftest.o: No such file or directory
configure:6310: $? = 1
configure:6309: result: @
configure:6367: checking for strip
configure:6383: found /usr/bin/strip
configure:6394: result: strip
configure:6466: checking for ranlib
configure:6482: found /usr/bin/ranlib
configure:6493: result: ranlib
configure:6595: checking command to parse /usr/bin/nm -B output from gcc object
configure:6748: gcc -c -g -O2  conftest.c >&5
configure:6751: $? = 0
configure:6755: /usr/bin/nm -B conftest.o \| sed -n -e 's/^.*[ ]\([ABCDGIRSTW][ABCDGIRSTW]*\)[ ][ ]*\([_A-Za-z][_A-Za-z0-9]*\)$/\1 \2 \2/p' | sed '/ __gnu_lto/d' \> conftest.nm
configure:6758: $? = 0
configure:6824: gcc -o conftest -g -O2   conftest.c conftstm.o >&5
configure:6827: $? = 0
configure:6865: result: ok
configure:6912: checking for sysroot
configure:6942: result: no
configure:6949: checking for a working dd
configure:6987: result: /usr/bin/dd
configure:6991: checking how to truncate binary pipes
configure:7006: result: /usr/bin/dd bs=4096 count=1
configure:7142: gcc -c -g -O2  conftest.c >&5
configure:7145: $? = 0
configure:7335: checking for mt
configure:7351: found /usr/bin/mt
configure:7362: result: mt
configure:7385: checking if mt is a manifest tool
configure:7391: mt '-?'
configure:7399: result: no
configure:8071: checking how to run the C preprocessor
configure:8102: gcc -E  conftest.c
configure:8102: $? = 0
configure:8116: gcc -E  conftest.c
conftest.c:11:10: fatal error: ac_nonexistent.h: No such file or directory
   11 | #include <ac_nonexistent.h>
      |          ^~~~~~~~~~~~~~~~~~
compilation terminated.
configure:8116: $? = 1
configure: failed program was:
| /* confdefs.h */
| #define PACKAGE_NAME "GET_NEXT_LINE"
| #define PACKAGE_TARNAME "get_next_line"
| #define PACKAGE_VERSION "1.0"
| #define PACKAGE_STRING "GET_NEXT_LINE 1.0"
| #define PACKAGE_BUGREPORT ""
| #define PACKAGE_URL ""
| #define PACKAGE "get_next_line"
| #define VERSION "1.0"
| /* end confdefs.h.  */
| #include <ac_nonexistent.h>
configure:8141: result: gcc -E
configure:8161: gcc -E  conftest.c
configure:8161: $? = 0
configure:8175: gcc -E  conftest.c
conftest.c:11:10: fatal error: ac_nonexistent.h: No such file or directory
   11 | #include <ac_nonexistent.h>
      |          ^~~~~~~~~~~~~~~~~~
compilation terminated.
configure:8175: $? = 1
configure: failed program was:
| /* confdefs.h */
| #define PACKAGE_NAME "GET_NEXT_LINE"
| #define PACKAGE_TARNAME "get_next_line"
| #define PACKAGE_VERSION "1.0"
| #define PACKAGE_STRING "GET_NEXT_LINE 1.0"
| #define PACKAGE_BUGREPORT ""
| #define PACKAGE_URL ""
| #define PACKAGE "get_next_line"
| #define VERSION "1.0"
| /* end confdefs.h.  */
| #include <ac_nonexistent.h>
configure:8204: checking for ANSI C header files
configure:8224: gcc -c -g -O2  conftest.c >&5
configure:8224: $? = 0
configure:8297: gcc -o conftest -g -O2   conftest.c  >&5
configure:8297: $? = 0
configure:8297: ./conftest
configure:8297: $? = 0
configure:8308: result: yes
configure:8321: checking for sys/types.h
configure:8321: gcc -c -g -O2  conftest.c >&5
configure:8321: $? = 0
configure:8321: result: yes
configure:8321: checking for sys/stat.h
configure:8321: gcc -c -g -O2  conftest.c >&5
configure:8321: $? = 0
configure:8321: result: yes
configure:8321: checking for stdlib.h
configure:8321: gcc -c -g -O2  conftest.c >&5
configure:8321: $? = 0
configure:8321: result: yes
configure:8321: checking for string.h
configure:8321: gcc -c -g -O2  conftest.c >&5
configure:8321: $? = 0
configure:8321: result: yes
configure:8321: checking for memory.h
configure:8321: gcc -c -g -O2  conftest.c >&5
configure:8321: $? = 0
configure:8321: result: yes
configure:8321: checking for strings.h
configure:8321: gcc -c -g -O2  conftest.c >&5
configure:8321: $? = 0
configure:8321: result: yes
configure:8321: checking for inttypes.h
configure:8321: gcc -c -g -O2  conftest.c >&5
configure:8321: $? = 0
configure:8321: result: yes
configure:8321: checking for stdint.h
configure:8321: gcc -c -g -O2  conftest.c >&5
configure:8321: $? = 0
configure:8321: result: yes
configure:8321: checking for unistd.h
configure:8321: gcc -c -g -O2  conftest.c >&5
configure:8321: $? = 0
configure:8321: result: yes
configure:8335: checking for dlfcn.h
configure:8335: gcc -c -g -O2  conftest.c >&5
configure:8335: $? = 0
configure:8335: result: yes
configure:8591: checking for objdir
configure:8606: result: .libs
configure:8870: checking if gcc supports -fno-rtti -fno-exceptions
configure:8888: gcc -c -g -O2  -fno-rtti -fno-exceptions conftest.c >&5
cc1: warning: command line option '-fno-rtti' is valid for C++/D/ObjC++ but not for C
configure:8892: $? = 0
configure:8905: result: no
configure:9263: checking for gcc option to produce PIC
configure:9270: result: -fPIC -DPIC
configure:9278: checking if gcc PIC flag -fPIC -DPIC works
configure:9296: gcc -c -g -O2  -fPIC -DPIC -DPIC conftest.c >&5
configure:9300: $? = 0
configure:9313: result: yes
configure:9342: checking if gcc static flag -static works
configure:9370: result: yes
configure:9385: checking if gcc supports -c -o file.o
configure:9406: gcc -c -g -O2  -o out/conftest2.o conftest.c >&5
configure:9410: $? = 0
configure:9432: result: yes
configure:9440: checking if gcc supports -c -o file.o
configure:9487: result: yes
configure:9520: checking whether the gcc linker (/usr/bin/ld -m elf_x86_64) supports shared libraries
configure:10779: result: yes
configure:10816: checking whether -lc should be explicitly linked in
configure:10824: gcc -c -g -O2  conftest.c >&5
configure:10827: $? = 0
configure:10842: gcc -shared  -fPIC -DPIC conftest.o  -v -Wl,-soname -Wl,conftest -o conftest 2\>\&1 \| /usr/bin/grep  -lc  \>/dev/null 2\>\&1
configure:10845: $? = 0
configure:10859: result: no
configure:11019: checking dynamic linker characteristics
configure:11600: gcc -o conftest -g -O2   -Wl,-rpath -Wl,/foo conftest.c  >&5
configure:11600: $? = 0
configure:11837: result: GNU/Linux ld.so
configure:11959: checking how to hardcode library paths into programs
configure:11984: result: immediate
configure:12532: checking whether stripping libraries is possible
configure:12537: result: yes
configure:12572: checking if libtool supports shared libraries
configure:12574: result: yes
configure:12577: checking whether to build shared libraries
configure:12602: result: yes
configure:12605: checking whether to build static libraries
configure:12609: result: yes
configure:9495: checking for pkg-config
configure:9513: found /usr/bin/pkg-config
configure:9525: result: /usr/bin/pkg-config
configure:9550: checking pkg-config is at least version 0.9.0
configure:9553: result: yes
configure:9563: checking for CHECK
configure:9570: $PKG_CONFIG --exists --print-errors "check >= 0.9.6"
configure:9573: $? = 0
configure:9587: $PKG_CONFIG --exists --print-errors "check >= 0.9.6"
configure:9590: $? = 0
configure:9648: result: yes
configure:9655: checking for ANSI C header files
configure:9759: result: yes
configure:9769: checking for stdlib.h
configure:9769: result: yes
configure:9785: checking for stdlib.h
configure:9785: result: yes
configure:9795: checking for GNU libc compatible malloc
configure:9819: gcc -o conftest -g -O2   conftest.c  >&5
configure:9819: $? = 0
configure:9819: ./conftest
configure:9819: $? = 0
configure:9829: result: yes
configure:9958: checking that generated files are newer than configure
configure:9964: result: done
configure:9987: creating ./config.status

## ---------------------- ##
## Running config.status. ##
## ---------------------- ##

This file was extended by GET_NEXT_LINE config.status 1.0, which was
generated by GNU Autoconf 2.69.  Invocation command line was

  CONFIG_FILES    = 
  CONFIG_HEADERS  = 
  CONFIG_LINKS    = 
  CONFIG_COMMANDS = 
  $ ./config.status 

on rishat-GL63-8RD

config.status:1091: creating Makefile
config.status:1091: creating src/Makefile
config.status:1091: creating tests/Makefile
config.status:1091: creating config.h
config.status:1272: config.h is unchanged
config.status:1320: executing depfiles commands
config.status:1397: cd src       && sed -e '/# am--include-marker/d' Makefile         | make -f - am--depfiles
make: Nothing to be done for 'am--depfiles'.
config.status:1402: $? = 0
config.status:1397: cd tests       && sed -e '/# am--include-marker/d' Makefile         | make -f - am--depfiles
make: Nothing to be done for 'am--depfiles'.
config.status:1402: $? = 0
config.status:1320: executing libtool commands

## ---------------- ##
## Cache variables. ##
## ---------------- ##

ac_cv_build=x86_64-pc-linux-gnu
ac_cv_c_compiler_gnu=yes
ac_cv_env_CC_set=
ac_cv_env_CC_value=
ac_cv_env_CFLAGS_set=
ac_cv_env_CFLAGS_value=
ac_cv_env_CHECK_CFLAGS_set=
ac_cv_env_CHECK_CFLAGS_value=
ac_cv_env_CHECK_LIBS_set=
ac_cv_env_CHECK_LIBS_value=
ac_cv_env_CPPFLAGS_set=
ac_cv_env_CPPFLAGS_value=
ac_cv_env_CPP_set=
ac_cv_env_CPP_value=
ac_cv_env_LDFLAGS_set=
ac_cv_env_LDFLAGS_value=
ac_cv_env_LIBS_set=
ac_cv_env_LIBS_value=
ac_cv_env_LT_SYS_LIBRARY_PATH_set=
ac_cv_env_LT_SYS_LIBRARY_PATH_value=
ac_cv_env_PKG_CONFIG_LIBDIR_set=
ac_cv_env_PKG_CONFIG_LIBDIR_value=
ac_cv_env_PKG_CONFIG_PATH_set=
ac_cv_env_PKG_CONFIG_PATH_value=
ac_cv_env_PKG_CONFIG_set=
ac_cv_env_PKG_CONFIG_value=
ac_cv_env_build_alias_set=
ac_cv_env_build_alias_value=
ac_cv_env_host_alias_set=
ac_cv_env_host_alias_value=
ac_cv_env_target_alias_set=
ac_cv_env_target_alias_value=
ac_cv_func_malloc_0_nonnull=yes
ac_cv_header_dlfcn_h=yes
ac_cv_header_inttypes_h=yes
ac_cv_header_memory_h=yes
ac_cv_header_stdc=yes
ac_cv_header_stdint_h=yes
ac_cv_header_stdlib_h=yes
ac_cv_header_string_h=yes
ac_cv_header_strings_h=yes
ac_cv_header_sys_stat_h=yes
ac_cv_header_sys_types_h=yes
ac_cv_header_unistd_h=yes
ac_cv_host=x86_64-pc-linux-gnu
ac_cv_objext=o
ac_cv_path_EGREP='/usr/bin/grep -E'
ac_cv_path_FGREP='/usr/bin/grep -F'
ac_cv_path_GREP=/usr/bin/grep
ac_cv_path_SED=/usr/bin/sed
ac_cv_path_ac_pt_PKG_CONFIG=/usr/bin/pkg-config
ac_cv_path_install='/usr/bin/install -c'
ac_cv_path_lt_DD=/usr/bin/dd
ac_cv_path_mkdir=/usr/bin/mkdir
ac_cv_prog_AWK=mawk
ac_cv_prog_CPP='gcc -E'
ac_cv_prog_ac_ct_AR=ar
ac_cv_prog_ac_ct_CC=gcc
ac_cv_prog_ac_ct_MANIFEST_TOOL=mt
ac_cv_prog_ac_ct_OBJDUMP=objdump
ac_cv_prog_ac_ct_RANLIB=ranlib
ac_cv_prog_ac_ct_STRIP=strip
ac_cv_prog_cc_c89=
ac_cv_prog_cc_g=yes
ac_cv_prog_make_make_set=yes
am_cv_CC_dependencies_compiler_type=gcc3
am_cv_ar_interface=ar
am_cv_make_support_nested_variables=yes
am_cv_prog_cc_c_o=yes
lt_cv_ar_at_file=@
lt_cv_archive_cmds_need_lc=no
lt_cv_deplibs_check_method=pass_all
lt_cv_file_magic_cmd='$MAGIC_CMD'
lt_cv_file_magic_test_file=
lt_cv_ld_reload_flag=-r
lt_cv_nm_interface='BSD nm'
lt_cv_objdir=.libs
lt_cv_path_LD=/usr/bin/ld
lt_cv_path_NM='/usr/bin/nm -B'
lt_cv_path_mainfest_tool=no
lt_cv_prog_compiler_c_o=yes
lt_cv_prog_compiler_pic='-fPIC -DPIC'
lt_cv_prog_compiler_pic_works=yes
lt_cv_prog_compiler_rtti_exceptions=no
lt_cv_prog_compiler_static_works=yes
lt_cv_prog_gnu_ld=yes
lt_cv_sharedlib_from_linklib_cmd='printf %s\n'
lt_cv_shlibpath_overrides_runpath=yes
lt_cv_sys_global_symbol_pipe='sed -n -e '\''s/^.*[	 ]\([ABCDGIRSTW][ABCDGIRSTW]*\)[	 ][	 ]*\([_A-Za-z][_A-Za-z0-9]*\)$/\1 \2 \2/p'\'' | sed '\''/ __gnu_lto/d'\'''
lt_cv_sys_global_symbol_to_c_name_address='sed -n -e '\''s/^: \(.*\) .*$/  {"\1", (void *) 0},/p'\'' -e '\''s/^[ABCDGIRSTW][ABCDGIRSTW]* .* \(.*\)$/  {"\1", (void *) \&\1},/p'\'''
lt_cv_sys_global_symbol_to_c_name_address_lib_prefix='sed -n -e '\''s/^: \(.*\) .*$/  {"\1", (void *) 0},/p'\'' -e '\''s/^[ABCDGIRSTW][ABCDGIRSTW]* .* \(lib.*\)$/  {"\1", (void *) \&\1},/p'\'' -e '\''s/^[ABCDGIRSTW][ABCDGIRSTW]* .* \(.*\)$/  {"lib\1", (void *) \&\1},/p'\'''
lt_cv_sys_global_symbol_to_cdecl='sed -n -e '\''s/^T .* \(.*\)$/extern int \1();/p'\'' -e '\''s/^[ABCDGIRSTW][ABCDGIRSTW]* .* \(.*\)$/extern char \1;/p'\'''
lt_cv_sys_global_symbol_to_import=
lt_cv_sys_max_cmd_len=1572864
lt_cv_to_host_file_cmd=func_convert_file_noop
lt_cv_to_tool_file_cmd=func_convert_file_noop
lt_cv_truncate_bin='/usr/bin/dd bs=4096 count=1'
pkg_cv_CHECK_CFLAGS=-pthread
pkg_cv_CHECK_LIBS='-lcheck_pic -pthread -lrt -lm -lsubunit'

## ----------------- ##
## Output variables. ##
## ----------------- ##

ACLOCAL='${SHELL} /home/rishat/Documents/Project/gnl/missing aclocal-1.16'
AMDEPBACKSLASH='\'
AMDEP_FALSE='#'
AMDEP_TRUE=''
AMTAR='$${TAR-tar}'
AM_BACKSLASH='\'
AM_DEFAULT_V='$(AM_DEFAULT_VERBOSITY)'
AM_DEFAULT_VERBOSITY='1'
AM_V='$(V)'
AR='ar'
AUTOCONF='${SHELL} /home/rishat/Documents/Project/gnl/missing autoconf'
AUTOHEADER='${SHELL} /home/rishat/Documents/Project/gnl/missing autoheader'
AUTOMAKE='${SHELL} /home/rishat/Documents/Project/gnl/missing automake-1.16'
AWK='mawk'
CC='gcc'
CCDEPMODE='depmode=gcc3'
CFLAGS='-g -O2'
CHECK_CFLAGS='-pthread'
CHECK_LIBS='-lcheck_pic -pthread -lrt -lm -lsubunit'
CPP='gcc -E'
CPPFLAGS=''
CYGPATH_W='echo'
DEFS='-DHAVE_CONFIG_H'
DEPDIR='.deps'
DLLTOOL='false'
DSYMUTIL=''
DUMPBIN=''
ECHO_C=''
ECHO_N='-n'
ECHO_T=''
EGREP='/usr/bin/grep -E'
EXEEXT=''
FGREP='/usr/bin/grep -F'
GREP='/usr/bin/grep'
INSTALL_DATA='${INSTALL} -m 644'
INSTALL_PROGRAM='${INSTALL}'
INSTALL_SCRIPT='${INSTALL}'
INSTALL_STRIP_PROGRAM='$(install_sh) -c -s'
LD='/usr/bin/ld -m elf_x86_64'
LDFLAGS=''
LIBOBJS=''
LIBS=''
LIBTOOL='$(SHELL) $(top_builddir)/libtool'
LIPO=''
LN_S='ln -s'
LTLIBOBJS=''
LT_SYS_LIBRARY_PATH=''
MAKEINFO='${SHELL} /home/rishat/Documents/Project/gnl/missing makeinfo'
MANIFEST_TOOL=':'
MKDIR_P='/usr/bin/mkdir -p'
NM='/usr/bin/nm -B'
NMEDIT=''
OBJDUMP='objdump'
OBJEXT='o'
OTOOL64=''
OTOOL=''
PACKAGE='get_next_line'
PACKAGE_BUGREPORT=''
PACKAGE_NAME='GET_NEXT_LINE'
PACKAGE_STRING='GET_NEXT_LINE 1.0'
PACKAGE_TARNAME='get_next_line'
PACKAGE_URL=''
PACKAGE_VERSION='1.0'
PATH_SEPARATOR=':'
PKG_CONFIG='/usr/bin/pkg-config'
PKG_CONFIG_LIBDIR=''
PKG_CONFIG_PATH=''
RANLIB='ranlib'
SED='/usr/bin/sed'
SET_MAKE=''
SHELL='/bin/bash'
STRIP='strip'
VERSION='1.0'
ac_ct_AR='ar'
ac_ct_CC='gcc'
ac_ct_DUMPBIN=''
am__EXEEXT_FALSE=''
am__EXEEXT_TRUE='#'
am__fastdepCC_FALSE='#'
am__fastdepCC_TRUE=''
am__include='include'
am__isrc=''
am__leading_dot='.'
am__nodep='_no'
am__quote=''
am__tar='$${TAR-tar} chof - "$$tardir"'
am__untar='$${TAR-tar} xf -'
bindir='${exec_prefix}/bin'
build='x86_64-pc-linux-gnu'
build_alias=''
build_cpu='x86_64'
build_os='linux-gnu'
build_vendor='pc'
datadir='${datarootdir}'
datarootdir='${prefix}/share'
docdir='${datarootdir}/doc/${PACKAGE_TARNAME}'
dvidir='${docdir}'
exec_prefix='${prefix}'
host='x86_64-pc-linux-gnu'
host_alias=''
host_cpu='x86_64'
host_os='linux-gnu'
host_vendor='pc'
htmldir='${docdir}'
includedir='${prefix}/include'
infodir='${datarootdir}/info'
install_sh='${SHELL} /home/rishat/Documents/Project/gnl/install-sh'
libdir='${exec_prefix}/lib'
libexecdir='${exec_prefix}/libexec'
localedir='${datarootdir}/locale'
localstatedir='${prefix}/var'
mandir='${datarootdir}/man'
mkdir_p='$(MKDIR_P)'
oldincludedir='/usr/include'
pdfdir='${docdir}'
prefix='/usr/local'
program_transform_name='s,x,x,'
psdir='${docdir}'
runstatedir='${localstatedir}/run'
sbindir='${exec_prefix}/sbin'
sharedstatedir='${prefix}/com'
sysconfdir='${prefix}/etc'
target_alias=''

## ----------- ##
## confdefs.h. ##
## ----------- ##

/* confdefs.h */
#define PACKAGE_NAME "GET_NEXT_LINE"
#define PACKAGE_TARNAME "get_next_line"
#define PACKAGE_VERSION "1.0"
#define PACKAGE_STRING "GET_NEXT_LINE 1.0"
#define PACKAGE_BUGREPORT ""
#define PACKAGE_URL ""
#define PACKAGE "get_next_line"
#define VERSION "1.0"
#define STDC_HEADERS 1
#define HAVE_SYS_TYPES_H 1
#define HAVE_SYS_STAT_H 1
#define HAVE_STDLIB_H 1
#define HAVE_STRING_H 1
#define HAVE_MEMORY_H 1
#define HAVE_STRINGS_H 1
#define HAVE_INTTYPES_H 1
#define HAVE_STDINT_H 1
#define HAVE_UNISTD_H 1
#define HAVE_DLFCN_H 1
#define LT_OBJDIR ".libs/"
#define STDC_HEADERS 1
#define HAVE_STDLIB_H 1
#define HAVE_STDLIB_H 1
#define HAVE_MALLOC 1

configure: exit 0

## ---------------------- ##
## Running config.status. ##
## ---------------------- ##

This file was extended by GET_NEXT_LINE config.status 1.0, which was
generated by GNU Autoconf 2.69.  Invocation command line was

  CONFIG_FILES    = 
  CONFIG_HEADERS  = 
  CONFIG_LINKS    = 
  CONFIG_COMMANDS = 
  $ ./config.status config.h

on rishat-GL63-8RD

config.status:1091: creating config.h
config.status:1272: config.h is unchanged
